0 info it worked if it ends with ok
1 verbose cli [ '/usr/local/bin/node',
1 verbose cli   '/usr/local/bin/npm',
1 verbose cli   'run',
1 verbose cli   'start-dev' ]
2 info using npm@3.10.8
3 info using node@v4.4.5
4 verbose run-script [ 'prestart-dev', 'start-dev', 'poststart-dev' ]
5 info lifecycle bizcard@1.0.0~prestart-dev: bizcard@1.0.0
6 silly lifecycle bizcard@1.0.0~prestart-dev: no script for prestart-dev, continuing
7 info lifecycle bizcard@1.0.0~start-dev: bizcard@1.0.0
8 verbose lifecycle bizcard@1.0.0~start-dev: unsafe-perm in lifecycle true
9 verbose lifecycle bizcard@1.0.0~start-dev: PATH: /usr/local/lib/node_modules/npm/bin/node-gyp-bin:/Users/mattk/Desktop/bizcard/node_modules/.bin:/Library/Frameworks/Python.framework/Versions/3.5/bin:/usr/local/heroku/bin:/usr/local/bin:/usr/local/sbin:~/bin:/Users/mattk/.rbenv/bin:/Users/mattk/.rbenv/shims:/usr/local/bin:/usr/bin:/bin:/usr/sbin:/sbin
10 verbose lifecycle bizcard@1.0.0~start-dev: CWD: /Users/mattk/Desktop/bizcard
11 silly lifecycle bizcard@1.0.0~start-dev: Args: [ '-c', 'npm run start-dev-hmr' ]
12 silly lifecycle bizcard@1.0.0~start-dev: Returned: code: 1  signal: null
13 info lifecycle bizcard@1.0.0~start-dev: Failed to exec start-dev script
14 verbose stack Error: bizcard@1.0.0 start-dev: `npm run start-dev-hmr`
14 verbose stack Exit status 1
14 verbose stack     at EventEmitter.<anonymous> (/usr/local/lib/node_modules/npm/lib/utils/lifecycle.js:255:16)
14 verbose stack     at emitTwo (events.js:87:13)
14 verbose stack     at EventEmitter.emit (events.js:172:7)
14 verbose stack     at ChildProcess.<anonymous> (/usr/local/lib/node_modules/npm/lib/utils/spawn.js:40:14)
14 verbose stack     at emitTwo (events.js:87:13)
14 verbose stack     at ChildProcess.emit (events.js:172:7)
14 verbose stack     at maybeClose (internal/child_process.js:827:16)
14 verbose stack     at Process.ChildProcess._handle.onexit (internal/child_process.js:211:5)
15 verbose pkgid bizcard@1.0.0
16 verbose cwd /Users/mattk/Desktop/bizcard
17 error Darwin 16.3.0
18 error argv "/usr/local/bin/node" "/usr/local/bin/npm" "run" "start-dev"
19 error node v4.4.5
20 error npm  v3.10.8
21 error code ELIFECYCLE
22 error bizcard@1.0.0 start-dev: `npm run start-dev-hmr`
22 error Exit status 1
23 error Failed at the bizcard@1.0.0 start-dev script 'npm run start-dev-hmr'.
23 error Make sure you have the latest version of node.js and npm installed.
23 error If you do, this is most likely a problem with the bizcard package,
23 error not with npm itself.
23 error Tell the author that this fails on your system:
23 error     npm run start-dev-hmr
23 error You can get information on how to open an issue for this project with:
23 error     npm bugs bizcard
23 error Or if that isn't available, you can get their info via:
23 error     npm owner ls bizcard
23 error There is likely additional logging output above.
24 verbose exit [ 1, true ]
